<?xml version="1.0" encoding="UTF-8"?>
<!-- Generated by org.testng.reporters.JUnitReportReporter -->
<testsuite hostname="DESKTOP-8ID5NTV" failures="0" tests="2" name="TestCases.Tc2_qafoxLogin" time="17.576" errors="0" timestamp="2025-09-27T14:39:50 IST" skipped="0">
  <testcase classname="TestCases.Tc2_qafoxLogin" name="logged" time="8.776"/>
  <testcase classname="TestCases.Tc2_qafoxLogin" name="logged" time="8.800"/>
</testsuite> <!-- TestCases.Tc2_qafoxLogin -->
