<?xml version="1.0" encoding="UTF-8"?>
<!-- Generated by org.testng.reporters.JUnitReportReporter -->
<testsuite hostname="DESKTOP-8ID5NTV" failures="0" tests="1" name="TestCases.Config_Property" time="9.273" errors="0" timestamp="2025-09-26T13:16:12 IST" skipped="0">
  <testcase classname="TestCases.Config_Property" name="launch" time="9.273"/>
</testsuite> <!-- TestCases.Config_Property -->
