<?xml version="1.0" encoding="UTF-8"?>
<!-- Generated by org.testng.reporters.JUnitReportReporter -->
<testsuite hostname="DESKTOP-8ID5NTV" failures="0" tests="1" name="TestCases.TC1_qafox" time="5.757" errors="0" timestamp="2025-09-26T12:20:17 IST" skipped="0">
  <testcase classname="TestCases.TC1_qafox" name="testcase" time="5.757"/>
</testsuite> <!-- TestCases.TC1_qafox -->
